<?xml version="1.0" encoding="utf-8"?><testsuites name="pytest tests"><testsuite name="pytest" errors="0" failures="0" skipped="0" tests="5" time="1.439" timestamp="2026-07-10T09:53:30.266587+00:00" hostname="agent-env-f0a5a7c6-5c49-40e4-a1bc-a39ae836535b"><testcase classname="tests.test_aidoctor_api.TestWaitlist" name="test_valid_waitlist_and_stats_increment" time="0.471" /><testcase classname="tests.test_aidoctor_api.TestReviews" name="test_list_reviews_seeded" time="0.246" /><testcase classname="tests.test_aidoctor_api.TestReviews" name="test_create_review_appears_in_list" time="0.220" /><testcase classname="tests.test_aidoctor_api.TestStats" name="test_stats_shape" time="0.138" /><testcase classname="tests.test_aidoctor_api.TestWaitlist" name="test_invalid_email_rejected" time="0.100" /></testsuite></testsuites>